Command line:
   Sequence_010110_detector_isim_beh.exe
     -simmode  gui
     -simrunnum  0
     -socket  60842

Tue Jun 13 15:57:02 2017


 Elaboration Time: 0.03125 sec

 Current Memory Usage: 846.34 Meg

 Total Signals          : 17
 Total Nets             : 21
 Total Signal Drivers   : 7
 Total Blocks           : 2
 Total Primitive Blocks : 2
 Total Processes        : 11
 Total Traceable Variables  : 22
 Total Scalar Nets and Variables : 111
Total Line Count : 41

 Total Simulation Time: 0.03125 sec

 Current Memory Usage: 846.34 Meg

Tue Jun 13 15:57:05 2017

