Command line:
   shift_reg_4bit_isim_beh.exe
     -simmode  gui
     -simrunnum  0
     -socket  62896

Thu Jun 08 02:57:42 2017


 Elaboration Time: 0.015625 sec

 Current Memory Usage: 845.791 Meg

 Total Signals          : 40
 Total Nets             : 46
 Total Signal Drivers   : 17
 Total Blocks           : 10
 Total Primitive Blocks : 9
 Total Processes        : 26
 Total Traceable Variables  : 26
 Total Scalar Nets and Variables : 134
Total Line Count : 58

 Total Simulation Time: 0.015625 sec

 Current Memory Usage: 845.791 Meg

Thu Jun 08 02:58:10 2017

