Running: C:\Xilinx\14.7\ISE_DS\ISE\bin\nt64\unwrapped\fuse.exe -intstyle ise -incremental -lib unisims_ver -lib unimacro_ver -lib xilinxcorelib_ver -lib secureip -o C:/Users/Charles/OneDrive/2017Fall_CSULB/CPU_301/shift_reg_4bit_tb_isim_beh.exe -prj C:/Users/Charles/OneDrive/2017Fall_CSULB/CPU_301/shift_reg_4bit_tb_beh.prj work.shift_reg_4bit_tb work.glbl 
ISim P.20131013 (signature 0x7708f090)
Number of CPUs detected in this system: 4
Turning on mult-threading, number of parallel sub-compilation jobs: 8 
Determining compilation order of HDL files
Analyzing Verilog file "C:/Users/Charles/OneDrive/2017Fall_CSULB/CPU_301/Mux4to1.v" into library work
Analyzing Verilog file "C:/Users/Charles/OneDrive/2017Fall_CSULB/CPU_301/d_ff.v" into library work
Analyzing Verilog file "C:/Users/Charles/OneDrive/2017Fall_CSULB/CPU_301/shift_reg_4bit.v" into library work
Analyzing Verilog file "C:/Users/Charles/OneDrive/2017Fall_CSULB/CPU_301/shift_reg_4bit_tb.v" into library work
Analyzing Verilog file "C:/Xilinx/14.7/ISE_DS/ISE//verilog/src/glbl.v" into library work
Starting static elaboration
Completed static elaboration
Compiling module Mux4to1
Compiling module d_ff
Compiling module shift_reg_4bit
Compiling module shift_reg_4bit_tb
Compiling module glbl
Time Resolution for simulation is 1ps.
Waiting for 1 sub-compilation(s) to finish...
Compiled 5 Verilog Units
Built simulation executable C:/Users/Charles/OneDrive/2017Fall_CSULB/CPU_301/shift_reg_4bit_tb_isim_beh.exe
Fuse Memory Usage: 28092 KB
Fuse CPU Usage: 296 ms
