Command line:
   Universal_Shift_Register_isim_beh.exe
     -simmode  gui
     -simrunnum  0
     -socket  55351

Thu Jun 08 22:46:50 2017


 Elaboration Time: 0.078125 sec

 Current Memory Usage: 845.844 Meg

 Total Signals          : 59
 Total Nets             : 49
 Total Signal Drivers   : 19
 Total Blocks           : 14
 Total Primitive Blocks : 11
 Total Processes        : 30
 Total Traceable Variables  : 30
 Total Scalar Nets and Variables : 212
Total Line Count : 75

 Total Simulation Time: 0.078125 sec

 Current Memory Usage: 1003.13 Meg

Thu Jun 08 23:04:57 2017

