Command line:
   Sequence_010110_detector_isim_beh.exe
     -simmode  gui
     -simrunnum  0
     -socket  58192

Sun Jun 11 02:43:28 2017


 Elaboration Time: 0.03125 sec

 Current Memory Usage: 845.853 Meg

 Total Signals          : 17
 Total Nets             : 21
 Total Signal Drivers   : 7
 Total Blocks           : 2
 Total Primitive Blocks : 2
 Total Processes        : 11
 Total Traceable Variables  : 22
 Total Scalar Nets and Variables : 111
Total Line Count : 41

 Total Simulation Time: 0.03125 sec

 Current Memory Usage: 1160.43 Meg

Sun Jun 11 02:44:01 2017

