Command line:
   shift_reg_4bit_tb_isim_beh.exe
     -simmode  gui
     -simrunnum  0
     -socket  55422

Thu Jun 08 23:07:54 2017


 Elaboration Time: 0.03125 sec

 Current Memory Usage: 845.808 Meg

 Total Signals          : 41
 Total Nets             : 46
 Total Signal Drivers   : 22
 Total Blocks           : 11
 Total Primitive Blocks : 9
 Total Processes        : 33
 Total Traceable Variables  : 31
 Total Scalar Nets and Variables : 143
Total Line Count : 84

 Total Simulation Time: 0.046875 sec

 Current Memory Usage: 688.521 Meg

Thu Jun 08 23:10:33 2017

